<?xml version="1.0" encoding="UTF-8"?>
<!-- Generated by org.testng.reporters.JUnitReportReporter -->
<testsuite hostname="LIN-CF553F3" failures="0" tests="1" name="today" time="5.130" errors="0" timestamp="2024-03-12T11:27:27 IST" skipped="0">
  <testcase classname="today" name="login" time="5.130"/>
</testsuite> <!-- today -->
