<?xml version="1.0" encoding="UTF-8"?>
<!-- Generated by org.testng.reporters.JUnitReportReporter -->
<testsuite hostname="LIN-CF553F3" failures="0" tests="5" name="NewTest" time="24.054" errors="0" timestamp="2024-03-12T12:35:14 IST" skipped="0">
  <testcase classname="NewTest" name="f" time="3.911"/>
  <testcase classname="NewTest" name="f" time="6.342"/>
  <testcase classname="NewTest" name="f" time="4.566"/>
  <testcase classname="NewTest" name="f" time="4.061"/>
  <testcase classname="NewTest" name="f" time="5.174"/>
</testsuite> <!-- NewTest -->
